  [1m[35m (108.8ms)[0m  [1m[35mCREATE DATABASE "Wanderlust_development" ENCODING = 'unicode'[0m
  ↳ bin/rails:9
  [1m[35m (48.2ms)[0m  [1m[35mCREATE DATABASE "Wanderlust_test" ENCODING = 'unicode'[0m
  ↳ bin/rails:9
  [1m[35m (13.1ms)[0m  [1m[35mCREATE TABLE "schema_migrations" ("version" character varying NOT NULL PRIMARY KEY)[0m
  ↳ bin/rails:9
  [1m[35m (2.1ms)[0m  [1m[35mCREATE TABLE "ar_internal_metadata" ("key" character varying NOT NULL PRIMARY KEY, "value" character varying, "created_at" timestamp NOT NULL, "updated_at" timestamp NOT NULL)[0m
  ↳ bin/rails:9
  [1m[35m (0.5ms)[0m  [1m[34mSELECT pg_try_advisory_lock(8522173554937626885)[0m
  ↳ bin/rails:9
  [1m[35m (0.4ms)[0m  [1m[34mSELECT "schema_migrations"."version" FROM "schema_migrations" ORDER BY "schema_migrations"."version" ASC[0m
  ↳ bin/rails:9
Migrating to CreateUsers (20210510154711)
  [1m[35m (1.2ms)[0m  [1m[35mCREATE  INDEX  "index_users_on_email" ON "users"  ("email")[0m
  ↳ db/migrate/20210510154711_create_users.rb:16
  [1m[35m (0.4ms)[0m  [1m[35mCREATE  INDEX  "index_users_on_email" ON "users"  ("email")[0m
  ↳ db/migrate/20210510154711_create_users.rb:16
  [1m[35m (0.2ms)[0m  [1m[34mSELECT pg_advisory_unlock(8522173554937626885)[0m
  ↳ bin/rails:9
  [1m[35m (0.3ms)[0m  [1m[34mSELECT pg_try_advisory_lock(8522173554937626885)[0m
  ↳ bin/rails:9
  [1m[35m (1.7ms)[0m  [1m[34mSELECT "schema_migrations"."version" FROM "schema_migrations" ORDER BY "schema_migrations"."version" ASC[0m
  ↳ bin/rails:9
Migrating to CreateUsers (20210510154711)
  [1m[35m (0.1ms)[0m  [1m[35mBEGIN[0m
  ↳ bin/rails:9
  [1m[35m (0.1ms)[0m  [1m[31mROLLBACK[0m
  ↳ bin/rails:9
  [1m[35m (0.4ms)[0m  [1m[34mSELECT pg_advisory_unlock(8522173554937626885)[0m
  ↳ bin/rails:9
  [1m[35m (0.3ms)[0m  [1m[34mSELECT pg_try_advisory_lock(8522173554937626885)[0m
  ↳ bin/rails:9
  [1m[35m (1.5ms)[0m  [1m[34mSELECT "schema_migrations"."version" FROM "schema_migrations" ORDER BY "schema_migrations"."version" ASC[0m
  ↳ bin/rails:9
Migrating to CreateUsers (20210510154711)
  [1m[35m (0.1ms)[0m  [1m[35mBEGIN[0m
  ↳ bin/rails:9
  [1m[35m (15.7ms)[0m  [1m[35mCREATE TABLE "users" ("id" bigserial primary key, "email" character varying NOT NULL, "password_digest" character varying NOT NULL, "session_token" character varying NOT NULL, "name" character varying NOT NULL, "phone_number" integer, "date_of_birth" date, "address_id" integer, "created_at" timestamp NOT NULL, "updated_at" timestamp NOT NULL)[0m
  ↳ db/migrate/20210510154711_create_users.rb:3
  [1m[35m (0.6ms)[0m  [1m[35mCREATE  INDEX  "index_users_on_email" ON "users"  ("email")[0m
  ↳ db/migrate/20210510154711_create_users.rb:14
  [1m[35m (0.7ms)[0m  [1m[35mCREATE  INDEX  "index_users_on_session_token" ON "users"  ("session_token")[0m
  ↳ db/migrate/20210510154711_create_users.rb:15
  [1m[35m (0.5ms)[0m  [1m[35mCREATE  INDEX  "index_users_on_name" ON "users"  ("name")[0m
  ↳ db/migrate/20210510154711_create_users.rb:16
  [1m[35m (0.7ms)[0m  [1m[35mCREATE  INDEX  "index_users_on_address_id" ON "users"  ("address_id")[0m
  ↳ db/migrate/20210510154711_create_users.rb:17
  [1m[36mActiveRecord::SchemaMigration Create (1.1ms)[0m  [1m[32mINSERT INTO "schema_migrations" ("version") VALUES ($1) RETURNING "version"[0m  [["version", "20210510154711"]]
  ↳ bin/rails:9
  [1m[35m (0.2ms)[0m  [1m[35mCOMMIT[0m
  ↳ bin/rails:9
  [1m[36mActiveRecord::InternalMetadata Load (0.5ms)[0m  [1m[34mSELECT  "ar_internal_metadata".* FROM "ar_internal_metadata" WHERE "ar_internal_metadata"."key" = $1 LIMIT $2[0m  [["key", "environment"], ["LIMIT", 1]]
  ↳ bin/rails:9
  [1m[35m (0.1ms)[0m  [1m[35mBEGIN[0m
  ↳ bin/rails:9
  [1m[36mActiveRecord::InternalMetadata Create (1.5ms)[0m  [1m[32mINSERT INTO "ar_internal_metadata" ("key", "value", "created_at", "updated_at") VALUES ($1, $2, $3, $4) RETURNING "key"[0m  [["key", "environment"], ["value", "development"], ["created_at", "2021-05-10 15:51:06.740668"], ["updated_at", "2021-05-10 15:51:06.740668"]]
  ↳ bin/rails:9
  [1m[35m (0.3ms)[0m  [1m[35mCOMMIT[0m
  ↳ bin/rails:9
  [1m[35m (0.1ms)[0m  [1m[34mSELECT pg_advisory_unlock(8522173554937626885)[0m
  ↳ bin/rails:9
  [1m[35m (0.1ms)[0m  [1m[34mSELECT "schema_migrations"."version" FROM "schema_migrations" ORDER BY "schema_migrations"."version" ASC[0m
  ↳ bin/rails:9
Started GET "/" for ::1 at 2021-05-10 14:30:45 -0400
  [1m[35m (1.5ms)[0m  [1m[34mSELECT "schema_migrations"."version" FROM "schema_migrations" ORDER BY "schema_migrations"."version" ASC[0m
  ↳ /Users/robertbalistreri/.rbenv/versions/2.5.1/lib/ruby/gems/2.5.0/gems/activerecord-5.2.5/lib/active_record/log_subscriber.rb:98
Processing by StaticPagesController#root as HTML
  Rendering static_pages/root.html.erb within layouts/application
  Rendered static_pages/root.html.erb within layouts/application (0.9ms)
Completed 200 OK in 676ms (Views: 670.3ms | ActiveRecord: 0.0ms)


Started GET "/" for ::1 at 2021-05-10 14:31:30 -0400
Processing by StaticPagesController#root as HTML
  Rendering static_pages/root.html.erb within layouts/application
  Rendered static_pages/root.html.erb within layouts/application (0.2ms)
Completed 200 OK in 237ms (Views: 234.9ms | ActiveRecord: 0.0ms)


Started GET "/" for ::1 at 2021-05-10 14:34:56 -0400
Processing by StaticPagesController#root as HTML
  Rendering static_pages/root.html.erb within layouts/application
  Rendered static_pages/root.html.erb within layouts/application (0.4ms)
Completed 200 OK in 244ms (Views: 242.4ms | ActiveRecord: 0.0ms)


Started GET "/" for ::1 at 2021-05-10 14:37:35 -0400
Processing by StaticPagesController#root as HTML
  Rendering static_pages/root.html.erb within layouts/application
  Rendered static_pages/root.html.erb within layouts/application (0.3ms)
Completed 200 OK in 246ms (Views: 243.7ms | ActiveRecord: 0.0ms)


  [1m[35m (1.5ms)[0m  [1m[34mSELECT "schema_migrations"."version" FROM "schema_migrations" ORDER BY "schema_migrations"."version" ASC[0m
  ↳ /Users/robertbalistreri/.rbenv/versions/2.5.1/bin/annotate:23
Started GET "/" for ::1 at 2021-05-10 14:46:48 -0400
Processing by StaticPagesController#root as HTML
  Rendering static_pages/root.html.erb within layouts/application
  Rendered static_pages/root.html.erb within layouts/application (0.3ms)
Completed 200 OK in 14ms (Views: 12.2ms | ActiveRecord: 0.0ms)


Started GET "/" for ::1 at 2021-05-10 14:49:23 -0400
Processing by StaticPagesController#root as HTML
  Rendering static_pages/root.html.erb within layouts/application
  Rendered static_pages/root.html.erb within layouts/application (0.3ms)
Completed 500 Internal Server Error in 18ms (ActiveRecord: 0.0ms)


  
ActionView::Template::Error (couldn't find file 'jquery' with type 'application/javascript'
Checked in these paths: 
  /Users/robertbalistreri/Desktop/APP_ACADEMY/Final_projects/Wanderlust/app/assets/config
  /Users/robertbalistreri/Desktop/APP_ACADEMY/Final_projects/Wanderlust/app/assets/images
  /Users/robertbalistreri/Desktop/APP_ACADEMY/Final_projects/Wanderlust/app/assets/javascripts
  /Users/robertbalistreri/Desktop/APP_ACADEMY/Final_projects/Wanderlust/app/assets/stylesheets
  /Users/robertbalistreri/.rbenv/versions/2.5.1/lib/ruby/gems/2.5.0/gems/coffee-rails-4.2.2/lib/assets/javascripts
  /Users/robertbalistreri/.rbenv/versions/2.5.1/lib/ruby/gems/2.5.0/gems/actioncable-5.2.5/lib/assets/compiled
  /Users/robertbalistreri/.rbenv/versions/2.5.1/lib/ruby/gems/2.5.0/gems/activestorage-5.2.5/app/assets/javascripts
  /Users/robertbalistreri/.rbenv/versions/2.5.1/lib/ruby/gems/2.5.0/gems/actionview-5.2.5/lib/assets/compiled
  /Users/robertbalistreri/.rbenv/versions/2.5.1/lib/ruby/gems/2.5.0/gems/turbolinks-source-5.2.0/lib/assets/javascripts
  /Users/robertbalistreri/Desktop/APP_ACADEMY/Final_projects/Wanderlust/node_modules):
     6:     <%= csp_meta_tag %>
     7: 
     8:     <%= stylesheet_link_tag    'application', media: 'all', 'data-turbolinks-track': 'reload' %>
     9:     <%= javascript_include_tag 'application', 'data-turbolinks-track': 'reload' %>
    10:   </head>
    11: 
    12:   <body>
  
app/assets/javascripts/application.js:13
app/views/layouts/application.html.erb:9:in `_app_views_layouts_application_html_erb__2184787386983703561_70361043953060'
Started GET "/" for ::1 at 2021-05-10 14:50:14 -0400
Processing by StaticPagesController#root as HTML
  Rendering static_pages/root.html.erb within layouts/application
  Rendered static_pages/root.html.erb within layouts/application (0.3ms)
Completed 500 Internal Server Error in 19ms (ActiveRecord: 0.0ms)


  
ActionView::Template::Error (couldn't find file 'jquery' with type 'application/javascript'
Checked in these paths: 
  /Users/robertbalistreri/Desktop/APP_ACADEMY/Final_projects/Wanderlust/app/assets/config
  /Users/robertbalistreri/Desktop/APP_ACADEMY/Final_projects/Wanderlust/app/assets/images
  /Users/robertbalistreri/Desktop/APP_ACADEMY/Final_projects/Wanderlust/app/assets/javascripts
  /Users/robertbalistreri/Desktop/APP_ACADEMY/Final_projects/Wanderlust/app/assets/stylesheets
  /Users/robertbalistreri/.rbenv/versions/2.5.1/lib/ruby/gems/2.5.0/gems/coffee-rails-4.2.2/lib/assets/javascripts
  /Users/robertbalistreri/.rbenv/versions/2.5.1/lib/ruby/gems/2.5.0/gems/actioncable-5.2.5/lib/assets/compiled
  /Users/robertbalistreri/.rbenv/versions/2.5.1/lib/ruby/gems/2.5.0/gems/activestorage-5.2.5/app/assets/javascripts
  /Users/robertbalistreri/.rbenv/versions/2.5.1/lib/ruby/gems/2.5.0/gems/actionview-5.2.5/lib/assets/compiled
  /Users/robertbalistreri/.rbenv/versions/2.5.1/lib/ruby/gems/2.5.0/gems/turbolinks-source-5.2.0/lib/assets/javascripts
  /Users/robertbalistreri/Desktop/APP_ACADEMY/Final_projects/Wanderlust/node_modules):
     6:     <%= csp_meta_tag %>
     7: 
     8:     <%= stylesheet_link_tag    'application', media: 'all', 'data-turbolinks-track': 'reload' %>
     9:     <%= javascript_include_tag 'application', 'data-turbolinks-track': 'reload' %>
    10:   </head>
    11: 
    12:   <body>
  
app/assets/javascripts/application.js:15
app/views/layouts/application.html.erb:9:in `_app_views_layouts_application_html_erb__2184787386983703561_70361038949540'
Started GET "/" for ::1 at 2021-05-10 14:54:19 -0400
Processing by StaticPagesController#root as HTML
  Rendering static_pages/root.html.erb within layouts/application
  Rendered static_pages/root.html.erb within layouts/application (0.4ms)
Completed 500 Internal Server Error in 13ms (ActiveRecord: 0.0ms)


  
ActionView::Template::Error (couldn't find file 'jquery' with type 'application/javascript'
Checked in these paths: 
  /Users/robertbalistreri/Desktop/APP_ACADEMY/Final_projects/Wanderlust/app/assets/config
  /Users/robertbalistreri/Desktop/APP_ACADEMY/Final_projects/Wanderlust/app/assets/images
  /Users/robertbalistreri/Desktop/APP_ACADEMY/Final_projects/Wanderlust/app/assets/javascripts
  /Users/robertbalistreri/Desktop/APP_ACADEMY/Final_projects/Wanderlust/app/assets/stylesheets
  /Users/robertbalistreri/.rbenv/versions/2.5.1/lib/ruby/gems/2.5.0/gems/coffee-rails-4.2.2/lib/assets/javascripts
  /Users/robertbalistreri/.rbenv/versions/2.5.1/lib/ruby/gems/2.5.0/gems/actioncable-5.2.5/lib/assets/compiled
  /Users/robertbalistreri/.rbenv/versions/2.5.1/lib/ruby/gems/2.5.0/gems/activestorage-5.2.5/app/assets/javascripts
  /Users/robertbalistreri/.rbenv/versions/2.5.1/lib/ruby/gems/2.5.0/gems/actionview-5.2.5/lib/assets/compiled
  /Users/robertbalistreri/.rbenv/versions/2.5.1/lib/ruby/gems/2.5.0/gems/turbolinks-source-5.2.0/lib/assets/javascripts
  /Users/robertbalistreri/Desktop/APP_ACADEMY/Final_projects/Wanderlust/node_modules):
     6:     <%= csp_meta_tag %>
     7: 
     8:     <%= stylesheet_link_tag    'application', media: 'all', 'data-turbolinks-track': 'reload' %>
     9:     <%= javascript_include_tag 'application', 'data-turbolinks-track': 'reload' %>
    10:   </head>
    11: 
    12:   <body>
  
app/assets/javascripts/application.js:14
app/views/layouts/application.html.erb:9:in `_app_views_layouts_application_html_erb__2184787386983703561_70361038116340'
Started GET "/" for ::1 at 2021-05-10 14:56:17 -0400
Processing by StaticPagesController#root as HTML
  Rendering static_pages/root.html.erb within layouts/application
  Rendered static_pages/root.html.erb within layouts/application (0.3ms)
Completed 500 Internal Server Error in 12ms (ActiveRecord: 0.0ms)


  
ActionView::Template::Error (couldn't find file 'jquery' with type 'application/javascript'
Checked in these paths: 
  /Users/robertbalistreri/Desktop/APP_ACADEMY/Final_projects/Wanderlust/app/assets/config
  /Users/robertbalistreri/Desktop/APP_ACADEMY/Final_projects/Wanderlust/app/assets/images
  /Users/robertbalistreri/Desktop/APP_ACADEMY/Final_projects/Wanderlust/app/assets/javascripts
  /Users/robertbalistreri/Desktop/APP_ACADEMY/Final_projects/Wanderlust/app/assets/stylesheets
  /Users/robertbalistreri/.rbenv/versions/2.5.1/lib/ruby/gems/2.5.0/gems/coffee-rails-4.2.2/lib/assets/javascripts
  /Users/robertbalistreri/.rbenv/versions/2.5.1/lib/ruby/gems/2.5.0/gems/actioncable-5.2.5/lib/assets/compiled
  /Users/robertbalistreri/.rbenv/versions/2.5.1/lib/ruby/gems/2.5.0/gems/activestorage-5.2.5/app/assets/javascripts
  /Users/robertbalistreri/.rbenv/versions/2.5.1/lib/ruby/gems/2.5.0/gems/actionview-5.2.5/lib/assets/compiled
  /Users/robertbalistreri/.rbenv/versions/2.5.1/lib/ruby/gems/2.5.0/gems/turbolinks-source-5.2.0/lib/assets/javascripts
  /Users/robertbalistreri/Desktop/APP_ACADEMY/Final_projects/Wanderlust/node_modules):
     6:     <%= csp_meta_tag %>
     7: 
     8:     <%= stylesheet_link_tag    'application', media: 'all', 'data-turbolinks-track': 'reload' %>
     9:     <%= javascript_include_tag 'application', 'data-turbolinks-track': 'reload' %>
    10:   </head>
    11: 
    12:   <body>
  
app/assets/javascripts/application.js:14
app/views/layouts/application.html.erb:9:in `_app_views_layouts_application_html_erb__2184787386983703561_70361044164680'
Started GET "/" for ::1 at 2021-05-10 14:59:55 -0400
Processing by StaticPagesController#root as HTML
  Rendering static_pages/root.html.erb within layouts/application
  Rendered static_pages/root.html.erb within layouts/application (0.3ms)
Completed 500 Internal Server Error in 12ms (ActiveRecord: 0.0ms)


  
ActionView::Template::Error (couldn't find file 'jquery' with type 'application/javascript'
Checked in these paths: 
  /Users/robertbalistreri/Desktop/APP_ACADEMY/Final_projects/Wanderlust/app/assets/config
  /Users/robertbalistreri/Desktop/APP_ACADEMY/Final_projects/Wanderlust/app/assets/images
  /Users/robertbalistreri/Desktop/APP_ACADEMY/Final_projects/Wanderlust/app/assets/javascripts
  /Users/robertbalistreri/Desktop/APP_ACADEMY/Final_projects/Wanderlust/app/assets/stylesheets
  /Users/robertbalistreri/.rbenv/versions/2.5.1/lib/ruby/gems/2.5.0/gems/coffee-rails-4.2.2/lib/assets/javascripts
  /Users/robertbalistreri/.rbenv/versions/2.5.1/lib/ruby/gems/2.5.0/gems/actioncable-5.2.5/lib/assets/compiled
  /Users/robertbalistreri/.rbenv/versions/2.5.1/lib/ruby/gems/2.5.0/gems/activestorage-5.2.5/app/assets/javascripts
  /Users/robertbalistreri/.rbenv/versions/2.5.1/lib/ruby/gems/2.5.0/gems/actionview-5.2.5/lib/assets/compiled
  /Users/robertbalistreri/.rbenv/versions/2.5.1/lib/ruby/gems/2.5.0/gems/turbolinks-source-5.2.0/lib/assets/javascripts
  /Users/robertbalistreri/Desktop/APP_ACADEMY/Final_projects/Wanderlust/node_modules):
     6:     <%= csp_meta_tag %>
     7: 
     8:     <%= stylesheet_link_tag    'application', media: 'all', 'data-turbolinks-track': 'reload' %>
     9:     <%= javascript_include_tag 'application', 'data-turbolinks-track': 'reload' %>
    10:   </head>
    11: 
    12:   <body>
  
app/assets/javascripts/application.js:14
app/views/layouts/application.html.erb:9:in `_app_views_layouts_application_html_erb__2184787386983703561_70361038081240'
Started GET "/" for ::1 at 2021-05-10 15:01:35 -0400
Processing by StaticPagesController#root as HTML
  Rendering static_pages/root.html.erb within layouts/application
  Rendered static_pages/root.html.erb within layouts/application (0.3ms)
Completed 500 Internal Server Error in 11ms (ActiveRecord: 0.0ms)


  
ActionView::Template::Error (couldn't find file 'jquery' with type 'application/javascript'
Checked in these paths: 
  /Users/robertbalistreri/Desktop/APP_ACADEMY/Final_projects/Wanderlust/app/assets/config
  /Users/robertbalistreri/Desktop/APP_ACADEMY/Final_projects/Wanderlust/app/assets/images
  /Users/robertbalistreri/Desktop/APP_ACADEMY/Final_projects/Wanderlust/app/assets/javascripts
  /Users/robertbalistreri/Desktop/APP_ACADEMY/Final_projects/Wanderlust/app/assets/stylesheets
  /Users/robertbalistreri/.rbenv/versions/2.5.1/lib/ruby/gems/2.5.0/gems/coffee-rails-4.2.2/lib/assets/javascripts
  /Users/robertbalistreri/.rbenv/versions/2.5.1/lib/ruby/gems/2.5.0/gems/actioncable-5.2.5/lib/assets/compiled
  /Users/robertbalistreri/.rbenv/versions/2.5.1/lib/ruby/gems/2.5.0/gems/activestorage-5.2.5/app/assets/javascripts
  /Users/robertbalistreri/.rbenv/versions/2.5.1/lib/ruby/gems/2.5.0/gems/actionview-5.2.5/lib/assets/compiled
  /Users/robertbalistreri/.rbenv/versions/2.5.1/lib/ruby/gems/2.5.0/gems/turbolinks-source-5.2.0/lib/assets/javascripts
  /Users/robertbalistreri/Desktop/APP_ACADEMY/Final_projects/Wanderlust/node_modules):
     6:     <%= csp_meta_tag %>
     7: 
     8:     <%= stylesheet_link_tag    'application', media: 'all', 'data-turbolinks-track': 'reload' %>
     9:     <%= javascript_include_tag 'application', 'data-turbolinks-track': 'reload' %>
    10:   </head>
    11: 
    12:   <body>
  
app/assets/javascripts/application.js:14
app/views/layouts/application.html.erb:9:in `_app_views_layouts_application_html_erb__2184787386983703561_70361362053300'
Started GET "/" for ::1 at 2021-05-10 15:02:16 -0400
  [1m[35m (3.2ms)[0m  [1m[34mSELECT "schema_migrations"."version" FROM "schema_migrations" ORDER BY "schema_migrations"."version" ASC[0m
  ↳ /Users/robertbalistreri/.rbenv/versions/2.5.1/lib/ruby/gems/2.5.0/gems/activerecord-5.2.6/lib/active_record/log_subscriber.rb:98
Processing by StaticPagesController#root as HTML
  Rendering static_pages/root.html.erb within layouts/application
  Rendered static_pages/root.html.erb within layouts/application (1.5ms)
Completed 200 OK in 2676ms (Views: 2670.6ms | ActiveRecord: 0.0ms)


Started POST "/api/user" for ::1 at 2021-05-10 15:02:36 -0400
Processing by Api::UsersController#create as JSON
Completed 400 Bad Request in 9ms (ActiveRecord: 0.0ms)



ActionController::ParameterMissing - param is missing or the value is empty: user:
  app/controllers/api/users_controller.rb:18:in `user_params'
  app/controllers/api/users_controller.rb:4:in `create'

Started GET "/" for ::1 at 2021-05-10 15:03:55 -0400
Processing by StaticPagesController#root as HTML
  Rendering static_pages/root.html.erb within layouts/application
  Rendered static_pages/root.html.erb within layouts/application (0.2ms)
Completed 200 OK in 31ms (Views: 28.6ms | ActiveRecord: 0.0ms)


Started POST "/api/user" for ::1 at 2021-05-10 15:04:31 -0400
Processing by Api::UsersController#create as JSON
Completed 400 Bad Request in 1ms (ActiveRecord: 0.0ms)



ActionController::ParameterMissing - param is missing or the value is empty: user:
  app/controllers/api/users_controller.rb:18:in `user_params'
  app/controllers/api/users_controller.rb:4:in `create'

Started GET "/" for ::1 at 2021-05-10 15:05:02 -0400
Processing by StaticPagesController#root as HTML
  Rendering static_pages/root.html.erb within layouts/application
  Rendered static_pages/root.html.erb within layouts/application (0.4ms)
Completed 200 OK in 29ms (Views: 26.6ms | ActiveRecord: 0.0ms)


Started POST "/api/user" for ::1 at 2021-05-10 15:05:07 -0400
Processing by Api::UsersController#create as JSON
Started GET "/" for ::1 at 2021-05-10 15:06:07 -0400
Processing by StaticPagesController#root as HTML
  Rendering static_pages/root.html.erb within layouts/application
  Rendered static_pages/root.html.erb within layouts/application (0.3ms)
Completed 200 OK in 325ms (Views: 323.1ms | ActiveRecord: 0.0ms)


Completed 400 Bad Request in 60268ms (ActiveRecord: 0.0ms)



ActionController::ParameterMissing - param is missing or the value is empty: user:
  app/controllers/api/users_controller.rb:19:in `user_params'
  app/controllers/api/users_controller.rb:5:in `create'

Started POST "/api/user" for ::1 at 2021-05-10 15:06:26 -0400
Processing by Api::UsersController#create as JSON
  Parameters: {"user"=>{"user"=>{"email"=>"rbalistreri5@gmail.com", "password"=>"[FILTERED]"}}}
Unpermitted parameter: :user
  [1m[35m (1.6ms)[0m  [1m[35mBEGIN[0m
  ↳ app/controllers/api/users_controller.rb:7
  [1m[36mUser Exists (5.9ms)[0m  [1m[34mSELECT  1 AS one FROM "users" WHERE "users"."email" IS NULL LIMIT $1[0m  [["LIMIT", 1]]
  ↳ app/controllers/api/users_controller.rb:7
  [1m[35m (0.6ms)[0m  [1m[31mROLLBACK[0m
  ↳ app/controllers/api/users_controller.rb:7
Completed 500 Internal Server Error in 8513ms (ActiveRecord: 34.6ms)



NoMethodError - undefined method `errors' for nil:NilClass:
  app/controllers/api/users_controller.rb:11:in `create'

Started GET "/" for ::1 at 2021-05-10 15:07:07 -0400
Processing by StaticPagesController#root as HTML
  Rendering static_pages/root.html.erb within layouts/application
  Rendered static_pages/root.html.erb within layouts/application (0.3ms)
Completed 200 OK in 38ms (Views: 34.7ms | ActiveRecord: 0.0ms)


Started GET "/" for ::1 at 2021-05-10 15:07:08 -0400
Processing by StaticPagesController#root as HTML
  Rendering static_pages/root.html.erb within layouts/application
  Rendered static_pages/root.html.erb within layouts/application (0.4ms)
Completed 200 OK in 43ms (Views: 41.3ms | ActiveRecord: 0.0ms)


Started POST "/api/user" for ::1 at 2021-05-10 15:07:12 -0400
Processing by Api::UsersController#create as JSON
  Parameters: {"user"=>{"user"=>{"email"=>"rbalistreri5@gmail.com", "password"=>"[FILTERED]"}}}
Unpermitted parameter: :user
  [1m[35m (0.9ms)[0m  [1m[35mBEGIN[0m
  ↳ app/controllers/api/users_controller.rb:7
  [1m[36mUser Exists (0.7ms)[0m  [1m[34mSELECT  1 AS one FROM "users" WHERE "users"."email" IS NULL LIMIT $1[0m  [["LIMIT", 1]]
  ↳ app/controllers/api/users_controller.rb:7
  [1m[35m (0.8ms)[0m  [1m[31mROLLBACK[0m
  ↳ app/controllers/api/users_controller.rb:7
Completed 422 Unprocessable Entity in 36438ms (Views: 0.2ms | ActiveRecord: 19.7ms)


Started GET "/" for ::1 at 2021-05-10 15:07:51 -0400
Processing by StaticPagesController#root as HTML
  Rendering static_pages/root.html.erb within layouts/application
  Rendered static_pages/root.html.erb within layouts/application (0.3ms)
Completed 200 OK in 46ms (Views: 43.2ms | ActiveRecord: 0.0ms)


Started POST "/api/user" for ::1 at 2021-05-10 15:07:54 -0400
Processing by Api::UsersController#create as JSON
  Parameters: {"user"=>{"user"=>{"email"=>"rbalistreri5@gmail.com", "password"=>"[FILTERED]"}}}
Unpermitted parameter: :user
Unpermitted parameter: :user
Started GET "/" for ::1 at 2021-05-10 15:11:01 -0400
Processing by StaticPagesController#root as HTML
  Rendering static_pages/root.html.erb within layouts/application
  Rendered static_pages/root.html.erb within layouts/application (0.3ms)
  [1m[35m (0.3ms)[0m  [1m[35mBEGIN[0m
  ↳ app/controllers/api/users_controller.rb:7
  [1m[36mUser Exists (1.6ms)[0m  [1m[34mSELECT  1 AS one FROM "users" WHERE "users"."email" IS NULL LIMIT $1[0m  [["LIMIT", 1]]
  ↳ app/controllers/api/users_controller.rb:7
  [1m[35m (0.9ms)[0m  [1m[31mROLLBACK[0m
  ↳ app/controllers/api/users_controller.rb:7
Completed 422 Unprocessable Entity in 186771ms (Views: 0.1ms | ActiveRecord: 18.5ms)


Completed 200 OK in 57ms (Views: 55.2ms | ActiveRecord: 0.0ms)


Started POST "/api/user" for ::1 at 2021-05-10 15:11:15 -0400
Processing by Api::UsersController#create as JSON
  Parameters: {"user"=>{"user"=>{"email"=>"rbalistreri5@gmail.com", "password"=>"[FILTERED]"}}}
Unpermitted parameter: :user
  [1m[35m (0.8ms)[0m  [1m[35mBEGIN[0m
  ↳ app/controllers/api/users_controller.rb:7
  [1m[36mUser Exists (2.5ms)[0m  [1m[34mSELECT  1 AS one FROM "users" WHERE "users"."email" IS NULL LIMIT $1[0m  [["LIMIT", 1]]
  ↳ app/controllers/api/users_controller.rb:7
  [1m[35m (0.5ms)[0m  [1m[31mROLLBACK[0m
  ↳ app/controllers/api/users_controller.rb:7
Completed 422 Unprocessable Entity in 14374ms (Views: 0.1ms | ActiveRecord: 3.8ms)


Started GET "/" for ::1 at 2021-05-10 15:11:33 -0400
Processing by StaticPagesController#root as HTML
  Rendering static_pages/root.html.erb within layouts/application
  Rendered static_pages/root.html.erb within layouts/application (0.5ms)
Completed 200 OK in 41ms (Views: 39.1ms | ActiveRecord: 0.0ms)


Started POST "/api/user" for ::1 at 2021-05-10 15:11:53 -0400
Processing by Api::UsersController#create as JSON
  Parameters: {"user"=>{"email"=>"rbalistreri5@gmail.com", "password"=>"[FILTERED]", "name"=>"Robby Balistreri"}}
  [1m[35m (0.5ms)[0m  [1m[35mBEGIN[0m
  ↳ app/controllers/api/users_controller.rb:7
  [1m[36mUser Exists (1.2ms)[0m  [1m[34mSELECT  1 AS one FROM "users" WHERE "users"."email" = $1 LIMIT $2[0m  [["email", "rbalistreri5@gmail.com"], ["LIMIT", 1]]
  ↳ app/controllers/api/users_controller.rb:7
  [1m[35m (0.4ms)[0m  [1m[31mROLLBACK[0m
  ↳ app/controllers/api/users_controller.rb:7
Completed 422 Unprocessable Entity in 7838ms (Views: 0.1ms | ActiveRecord: 2.1ms)


Started GET "/" for ::1 at 2021-05-10 15:13:02 -0400
Processing by StaticPagesController#root as HTML
  Rendering static_pages/root.html.erb within layouts/application
  Rendered static_pages/root.html.erb within layouts/application (0.5ms)
Completed 200 OK in 36ms (Views: 34.2ms | ActiveRecord: 0.0ms)


Started POST "/api/user" for ::1 at 2021-05-10 15:13:07 -0400
Processing by Api::UsersController#create as JSON
  Parameters: {"user"=>{"email"=>"rbalistreri5@gmail.com", "password"=>"[FILTERED]", "name"=>"Robby Balistreri"}}
  [1m[35m (0.7ms)[0m  [1m[35mBEGIN[0m
  ↳ app/controllers/api/users_controller.rb:8
  [1m[36mUser Exists (5.3ms)[0m  [1m[34mSELECT  1 AS one FROM "users" WHERE "users"."email" = $1 LIMIT $2[0m  [["email", "rbalistreri5@gmail.com"], ["LIMIT", 1]]
  ↳ app/controllers/api/users_controller.rb:8
  [1m[35m (0.5ms)[0m  [1m[31mROLLBACK[0m
  ↳ app/controllers/api/users_controller.rb:8
Completed 422 Unprocessable Entity in 31693ms (Views: 0.5ms | ActiveRecord: 6.5ms)


Started GET "/" for ::1 at 2021-05-10 15:14:14 -0400
Processing by StaticPagesController#root as HTML
  Rendering static_pages/root.html.erb within layouts/application
  Rendered static_pages/root.html.erb within layouts/application (0.5ms)
Completed 200 OK in 34ms (Views: 32.3ms | ActiveRecord: 0.0ms)


Started POST "/api/user" for ::1 at 2021-05-10 15:14:17 -0400
Processing by Api::UsersController#create as JSON
  Parameters: {"user"=>{"email"=>"rbalistreri5@gmail.com", "password"=>"[FILTERED]", "name"=>"Robby Balistreri"}}
  [1m[35m (17.4ms)[0m  [1m[35mBEGIN[0m
  ↳ app/controllers/api/users_controller.rb:8
  [1m[36mUser Exists (2.8ms)[0m  [1m[34mSELECT  1 AS one FROM "users" WHERE "users"."email" = $1 LIMIT $2[0m  [["email", "rbalistreri5@gmail.com"], ["LIMIT", 1]]
  ↳ app/controllers/api/users_controller.rb:8
  [1m[36mUser Create (25.2ms)[0m  [1m[32mINSERT INTO "users" ("email", "password_digest", "session_token", "name", "created_at", "updated_at") VALUES ($1, $2, $3, $4, $5, $6) RETURNING "id"[0m  [["email", "rbalistreri5@gmail.com"], ["password_digest", "$2a$12$.YFdATcslstybhk7Psk9d.cLjHWc9r0ZEo5JthYRY7XrTFNFOjG.6"], ["session_token", "CbSDKJV9YeKVWKDkrWOZOw"], ["name", "Robby Balistreri"], ["created_at", "2021-05-10 19:14:28.337051"], ["updated_at", "2021-05-10 19:14:28.337051"]]
  ↳ app/controllers/api/users_controller.rb:8
  [1m[35m (5.5ms)[0m  [1m[35mCOMMIT[0m
  ↳ app/controllers/api/users_controller.rb:8
  [1m[35m (3.4ms)[0m  [1m[35mBEGIN[0m
  ↳ app/models/user.rb:52
  [1m[36mUser Exists (2.3ms)[0m  [1m[34mSELECT  1 AS one FROM "users" WHERE "users"."email" = $1 AND "users"."id" != $2 LIMIT $3[0m  [["email", "rbalistreri5@gmail.com"], ["id", 1], ["LIMIT", 1]]
  ↳ app/models/user.rb:52
  [1m[36mUser Update (5.6ms)[0m  [1m[33mUPDATE "users" SET "session_token" = $1, "updated_at" = $2 WHERE "users"."id" = $3[0m  [["session_token", "Ud8Qn4WoVDwULRYmgfUx7A"], ["updated_at", "2021-05-10 19:14:30.971113"], ["id", 1]]
  ↳ app/models/user.rb:52
  [1m[35m (8.4ms)[0m  [1m[35mCOMMIT[0m
  ↳ app/models/user.rb:52
  Rendering api/users/show.json.jbuilder
  Rendered api/users/show.json.jbuilder (2.8ms)
Completed 500 Internal Server Error in 16234ms (ActiveRecord: 86.4ms)



SyntaxError - syntax error, unexpected ':'
...rtial! '/api/users/user'. user: @user
...                              ^:
  app/views/api/users/show.json.jbuilder:1:in `'
  app/controllers/api/users_controller.rb:11:in `create'

Started GET "/" for ::1 at 2021-05-10 15:15:06 -0400
Processing by StaticPagesController#root as HTML
  Rendering static_pages/root.html.erb within layouts/application
  Rendered static_pages/root.html.erb within layouts/application (0.3ms)
Completed 200 OK in 32ms (Views: 29.7ms | ActiveRecord: 0.0ms)


Started POST "/api/user" for ::1 at 2021-05-10 15:15:09 -0400
Processing by Api::UsersController#create as JSON
  Parameters: {"user"=>{"email"=>"rbalistreri5@gmail.com", "password"=>"[FILTERED]", "name"=>"Robby Balistreri"}}
  [1m[35m (0.7ms)[0m  [1m[35mBEGIN[0m
  ↳ app/controllers/api/users_controller.rb:8
  [1m[36mUser Exists (1.0ms)[0m  [1m[34mSELECT  1 AS one FROM "users" WHERE "users"."email" = $1 LIMIT $2[0m  [["email", "rbalistreri5@gmail.com"], ["LIMIT", 1]]
  ↳ app/controllers/api/users_controller.rb:8
  [1m[35m (0.9ms)[0m  [1m[31mROLLBACK[0m
  ↳ app/controllers/api/users_controller.rb:8
Completed 422 Unprocessable Entity in 4110ms (Views: 0.1ms | ActiveRecord: 2.6ms)


Started GET "/" for ::1 at 2021-05-10 15:15:47 -0400
Processing by StaticPagesController#root as HTML
  Rendering static_pages/root.html.erb within layouts/application
  Rendered static_pages/root.html.erb within layouts/application (0.3ms)
Completed 200 OK in 44ms (Views: 40.7ms | ActiveRecord: 0.0ms)


Started POST "/api/user" for ::1 at 2021-05-10 15:15:59 -0400
Processing by Api::UsersController#create as JSON
  Parameters: {"user"=>{"email"=>"rbalistreri6@gmail.com", "password"=>"[FILTERED]", "name"=>"Robert Balistreri"}}
  [1m[35m (14.9ms)[0m  [1m[35mBEGIN[0m
  ↳ app/controllers/api/users_controller.rb:8
  [1m[36mUser Exists (22.6ms)[0m  [1m[34mSELECT  1 AS one FROM "users" WHERE "users"."email" = $1 LIMIT $2[0m  [["email", "rbalistreri6@gmail.com"], ["LIMIT", 1]]
  ↳ app/controllers/api/users_controller.rb:8
  [1m[36mUser Create (7.9ms)[0m  [1m[32mINSERT INTO "users" ("email", "password_digest", "session_token", "name", "created_at", "updated_at") VALUES ($1, $2, $3, $4, $5, $6) RETURNING "id"[0m  [["email", "rbalistreri6@gmail.com"], ["password_digest", "$2a$12$pjlS8nyKKTtWdQDh9uPk7eyuCOjVyy6jE9JlbVnyB9TQfhra0CN4e"], ["session_token", "Km1AGHpWb2oYS-49ZK31FQ"], ["name", "Robert Balistreri"], ["created_at", "2021-05-10 19:16:08.074506"], ["updated_at", "2021-05-10 19:16:08.074506"]]
  ↳ app/controllers/api/users_controller.rb:8
  [1m[35m (2.5ms)[0m  [1m[35mCOMMIT[0m
  ↳ app/controllers/api/users_controller.rb:8
  [1m[35m (1.6ms)[0m  [1m[35mBEGIN[0m
  ↳ app/models/user.rb:52
  [1m[36mUser Exists (1.2ms)[0m  [1m[34mSELECT  1 AS one FROM "users" WHERE "users"."email" = $1 AND "users"."id" != $2 LIMIT $3[0m  [["email", "rbalistreri6@gmail.com"], ["id", 2], ["LIMIT", 1]]
  ↳ app/models/user.rb:52
  [1m[36mUser Update (2.2ms)[0m  [1m[33mUPDATE "users" SET "session_token" = $1, "updated_at" = $2 WHERE "users"."id" = $3[0m  [["session_token", "Wv8iUXp-rNRhCza1KORgQw"], ["updated_at", "2021-05-10 19:16:10.988128"], ["id", 2]]
  ↳ app/models/user.rb:52
  [1m[35m (0.7ms)[0m  [1m[35mCOMMIT[0m
  ↳ app/models/user.rb:52
  Rendering api/users/show.json.jbuilder
  Rendered api/users/_user.json.jbuilder (0.5ms)
  Rendered api/users/show.json.jbuilder (5.2ms)
Completed 200 OK in 11780ms (Views: 14.0ms | ActiveRecord: 53.6ms)


Started GET "/" for ::1 at 2021-05-10 15:21:52 -0400
Processing by StaticPagesController#root as HTML
  Rendering static_pages/root.html.erb within layouts/application
  Rendered static_pages/root.html.erb within layouts/application (0.3ms)
Completed 200 OK in 313ms (Views: 310.9ms | ActiveRecord: 0.0ms)


Started GET "/" for ::1 at 2021-05-10 15:22:46 -0400
Processing by StaticPagesController#root as HTML
  Rendering static_pages/root.html.erb within layouts/application
  Rendered static_pages/root.html.erb within layouts/application (0.7ms)
Completed 200 OK in 300ms (Views: 297.9ms | ActiveRecord: 0.0ms)


Started POST "/api/user" for ::1 at 2021-05-10 15:23:10 -0400
Processing by Api::UsersController#create as JSON
  Parameters: {"user"=>{"password"=>"[FILTERED]", "name"=>"Robert Balistreri"}}
  [1m[35m (15.2ms)[0m  [1m[35mBEGIN[0m
  ↳ app/controllers/api/users_controller.rb:8
  [1m[36mUser Exists (2.1ms)[0m  [1m[34mSELECT  1 AS one FROM "users" WHERE "users"."email" IS NULL LIMIT $1[0m  [["LIMIT", 1]]
  ↳ app/controllers/api/users_controller.rb:8
  [1m[35m (6.9ms)[0m  [1m[31mROLLBACK[0m
  ↳ app/controllers/api/users_controller.rb:8
Completed 422 Unprocessable Entity in 12525ms (Views: 0.1ms | ActiveRecord: 24.3ms)


Started GET "/" for ::1 at 2021-05-10 15:25:57 -0400
Processing by StaticPagesController#root as HTML
  Rendering static_pages/root.html.erb within layouts/application
  Rendered static_pages/root.html.erb within layouts/application (0.3ms)
Completed 200 OK in 74ms (Views: 71.3ms | ActiveRecord: 0.0ms)


Started POST "/api/user" for ::1 at 2021-05-10 15:26:33 -0400
Processing by Api::UsersController#create as JSON
  Parameters: {"user"=>{"email"=>"test1@gmail.com", "password"=>"[FILTERED]", "name"=>"Testing User"}}
  [1m[35m (1.6ms)[0m  [1m[35mBEGIN[0m
  ↳ app/controllers/api/users_controller.rb:8
  [1m[36mUser Exists (0.8ms)[0m  [1m[34mSELECT  1 AS one FROM "users" WHERE "users"."email" = $1 LIMIT $2[0m  [["email", "test1@gmail.com"], ["LIMIT", 1]]
  ↳ app/controllers/api/users_controller.rb:8
  [1m[36mUser Create (1.4ms)[0m  [1m[32mINSERT INTO "users" ("email", "password_digest", "session_token", "name", "created_at", "updated_at") VALUES ($1, $2, $3, $4, $5, $6) RETURNING "id"[0m  [["email", "test1@gmail.com"], ["password_digest", "$2a$12$cRsHf8c8TA32XoKAqnPRV.jx1VLXW3aiezg2qfDi4jjebBmrCB4CO"], ["session_token", "k6ofGMid23wuvAPCOw8VPQ"], ["name", "Testing User"], ["created_at", "2021-05-10 19:26:41.250567"], ["updated_at", "2021-05-10 19:26:41.250567"]]
  ↳ app/controllers/api/users_controller.rb:8
  [1m[35m (1.4ms)[0m  [1m[35mCOMMIT[0m
  ↳ app/controllers/api/users_controller.rb:8
  [1m[35m (0.6ms)[0m  [1m[35mBEGIN[0m
  ↳ app/models/user.rb:52
  [1m[36mUser Exists (1.5ms)[0m  [1m[34mSELECT  1 AS one FROM "users" WHERE "users"."email" = $1 AND "users"."id" != $2 LIMIT $3[0m  [["email", "test1@gmail.com"], ["id", 3], ["LIMIT", 1]]
  ↳ app/models/user.rb:52
  [1m[36mUser Update (1.0ms)[0m  [1m[33mUPDATE "users" SET "session_token" = $1, "updated_at" = $2 WHERE "users"."id" = $3[0m  [["session_token", "Z4TCYUKn2orrqiiZnnyV0Q"], ["updated_at", "2021-05-10 19:26:42.590945"], ["id", 3]]
  ↳ app/models/user.rb:52
  [1m[35m (0.4ms)[0m  [1m[35mCOMMIT[0m
  ↳ app/models/user.rb:52
  Rendering api/users/show.json.jbuilder
  Rendered api/users/_user.json.jbuilder (0.3ms)
  Rendered api/users/show.json.jbuilder (2.5ms)
Completed 200 OK in 9451ms (Views: 7.7ms | ActiveRecord: 8.6ms)


Started GET "/" for ::1 at 2021-05-10 15:27:25 -0400
Processing by StaticPagesController#root as HTML
  Rendering static_pages/root.html.erb within layouts/application
  Rendered static_pages/root.html.erb within layouts/application (0.3ms)
Completed 200 OK in 286ms (Views: 283.7ms | ActiveRecord: 0.0ms)


Started POST "/api/user" for ::1 at 2021-05-10 15:27:40 -0400
Processing by Api::UsersController#create as JSON
  Parameters: {"user"=>{"email"=>"test2@gmail.com", "password"=>"[FILTERED]", "name"=>"Testing User 2"}}
  [1m[35m (0.8ms)[0m  [1m[35mBEGIN[0m
  ↳ app/controllers/api/users_controller.rb:8
  [1m[36mUser Exists (0.7ms)[0m  [1m[34mSELECT  1 AS one FROM "users" WHERE "users"."email" = $1 LIMIT $2[0m  [["email", "test2@gmail.com"], ["LIMIT", 1]]
  ↳ app/controllers/api/users_controller.rb:8
  [1m[36mUser Create (0.6ms)[0m  [1m[32mINSERT INTO "users" ("email", "password_digest", "session_token", "name", "created_at", "updated_at") VALUES ($1, $2, $3, $4, $5, $6) RETURNING "id"[0m  [["email", "test2@gmail.com"], ["password_digest", "$2a$12$xq.7OwJmwYJw.aMM7zuxJuJ7u1QwucLrAwz1WV1DZEMfGp0Jcsi3C"], ["session_token", "jmQ28E_OWidrWR7Vb5UoTQ"], ["name", "Testing User 2"], ["created_at", "2021-05-10 19:27:45.448331"], ["updated_at", "2021-05-10 19:27:45.448331"]]
  ↳ app/controllers/api/users_controller.rb:8
  [1m[35m (1.4ms)[0m  [1m[35mCOMMIT[0m
  ↳ app/controllers/api/users_controller.rb:8
  [1m[35m (0.6ms)[0m  [1m[35mBEGIN[0m
  ↳ app/models/user.rb:52
  [1m[36mUser Exists (0.8ms)[0m  [1m[34mSELECT  1 AS one FROM "users" WHERE "users"."email" = $1 AND "users"."id" != $2 LIMIT $3[0m  [["email", "test2@gmail.com"], ["id", 4], ["LIMIT", 1]]
  ↳ app/models/user.rb:52
  [1m[36mUser Update (1.1ms)[0m  [1m[33mUPDATE "users" SET "session_token" = $1, "updated_at" = $2 WHERE "users"."id" = $3[0m  [["session_token", "MZfamEm5G-zX8oXFbKrABA"], ["updated_at", "2021-05-10 19:27:46.131651"], ["id", 4]]
  ↳ app/models/user.rb:52
  [1m[35m (0.7ms)[0m  [1m[35mCOMMIT[0m
  ↳ app/models/user.rb:52
  Rendering api/users/show.json.jbuilder
  Rendered api/users/_user.json.jbuilder (0.2ms)
  Rendered api/users/show.json.jbuilder (2.1ms)
Completed 200 OK in 6117ms (Views: 7.1ms | ActiveRecord: 6.8ms)


Started GET "/" for ::1 at 2021-05-10 15:28:51 -0400
Processing by StaticPagesController#root as HTML
  Rendering static_pages/root.html.erb within layouts/application
  Rendered static_pages/root.html.erb within layouts/application (0.3ms)
Completed 200 OK in 322ms (Views: 318.7ms | ActiveRecord: 0.0ms)


Started GET "/" for ::1 at 2021-05-10 15:29:46 -0400
Processing by StaticPagesController#root as HTML
  Rendering static_pages/root.html.erb within layouts/application
  Rendered static_pages/root.html.erb within layouts/application (0.3ms)
Completed 200 OK in 273ms (Views: 271.0ms | ActiveRecord: 0.0ms)


Started POST "/api/session" for ::1 at 2021-05-10 15:29:52 -0400
Processing by Api::SessionsController#create as JSON
  Parameters: {"user"=>{"email"=>"test2@gmail.com", "password"=>"[FILTERED]"}}
  [1m[36mUser Load (2.9ms)[0m  [1m[34mSELECT  "users".* FROM "users" WHERE "users"."email" = $1 LIMIT $2[0m  [["email", "test2@gmail.com"], ["LIMIT", 1]]
  ↳ app/models/user.rb:29
  [1m[35m (2.7ms)[0m  [1m[35mBEGIN[0m
  ↳ app/models/user.rb:52
  [1m[36mUser Exists (1.4ms)[0m  [1m[34mSELECT  1 AS one FROM "users" WHERE "users"."email" = $1 AND "users"."id" != $2 LIMIT $3[0m  [["email", "test2@gmail.com"], ["id", 4], ["LIMIT", 1]]
  ↳ app/models/user.rb:52
  [1m[36mUser Update (0.8ms)[0m  [1m[33mUPDATE "users" SET "session_token" = $1, "updated_at" = $2 WHERE "users"."id" = $3[0m  [["session_token", "_kvVOw8K7YAtdaazsmUCcg"], ["updated_at", "2021-05-10 19:29:52.444125"], ["id", 4]]
  ↳ app/models/user.rb:52
  [1m[35m (0.6ms)[0m  [1m[35mCOMMIT[0m
  ↳ app/models/user.rb:52
Completed 500 Internal Server Error in 305ms (ActiveRecord: 10.7ms)



ActionView::MissingTemplate - Missing template api/sessions/show, application/show with {:locale=>[:en], :formats=>[:json], :variants=>[], :handlers=>[:raw, :erb, :html, :builder, :ruby, :coffee, :jbuilder]}. Searched in:
  * "/Users/robertbalistreri/Desktop/APP_ACADEMY/Final_projects/Wanderlust/app/views":
  app/controllers/api/sessions_controller.rb:8:in `create'

Started GET "/" for ::1 at 2021-05-10 15:30:36 -0400
Processing by StaticPagesController#root as HTML
  Rendering static_pages/root.html.erb within layouts/application
  Rendered static_pages/root.html.erb within layouts/application (0.3ms)
Completed 200 OK in 41ms (Views: 38.4ms | ActiveRecord: 0.0ms)


Started POST "/api/session" for ::1 at 2021-05-10 15:30:52 -0400
Processing by Api::SessionsController#create as JSON
  Parameters: {"user"=>{"email"=>"test2@gmail.com", "password"=>"[FILTERED]"}}
  [1m[36mUser Load (0.4ms)[0m  [1m[34mSELECT  "users".* FROM "users" WHERE "users"."email" = $1 LIMIT $2[0m  [["email", "test2@gmail.com"], ["LIMIT", 1]]
  ↳ app/models/user.rb:29
  [1m[35m (0.3ms)[0m  [1m[35mBEGIN[0m
  ↳ app/models/user.rb:52
  [1m[36mUser Exists (1.6ms)[0m  [1m[34mSELECT  1 AS one FROM "users" WHERE "users"."email" = $1 AND "users"."id" != $2 LIMIT $3[0m  [["email", "test2@gmail.com"], ["id", 4], ["LIMIT", 1]]
  ↳ app/models/user.rb:52
  [1m[36mUser Update (2.1ms)[0m  [1m[33mUPDATE "users" SET "session_token" = $1, "updated_at" = $2 WHERE "users"."id" = $3[0m  [["session_token", "3hrgcEasLBjnzhQAIwJwmA"], ["updated_at", "2021-05-10 19:30:52.651167"], ["id", 4]]
  ↳ app/models/user.rb:52
  [1m[35m (0.9ms)[0m  [1m[35mCOMMIT[0m
  ↳ app/models/user.rb:52
  Rendering api/users/show.json.jbuilder
  Rendered api/users/_user.json.jbuilder (0.3ms)
  Rendered api/users/show.json.jbuilder (1.9ms)
Completed 200 OK in 336ms (Views: 11.3ms | ActiveRecord: 28.3ms)


Started DELETE "/api/session" for ::1 at 2021-05-10 15:31:13 -0400
Processing by Api::SessionsController#destroy as JSON
  [1m[36mUser Load (0.6ms)[0m  [1m[34mSELECT  "users".* FROM "users" WHERE "users"."session_token" = $1 LIMIT $2[0m  [["session_token", "3hrgcEasLBjnzhQAIwJwmA"], ["LIMIT", 1]]
  ↳ app/controllers/application_controller.rb:7
  [1m[35m (1.3ms)[0m  [1m[35mBEGIN[0m
  ↳ app/models/user.rb:52
  [1m[36mUser Exists (1.1ms)[0m  [1m[34mSELECT  1 AS one FROM "users" WHERE "users"."email" = $1 AND "users"."id" != $2 LIMIT $3[0m  [["email", "test2@gmail.com"], ["id", 4], ["LIMIT", 1]]
  ↳ app/models/user.rb:52
  [1m[36mUser Update (1.2ms)[0m  [1m[33mUPDATE "users" SET "session_token" = $1, "updated_at" = $2 WHERE "users"."id" = $3[0m  [["session_token", "s1Oa7v2sWm2nEUL4DquuRg"], ["updated_at", "2021-05-10 19:31:13.793810"], ["id", 4]]
  ↳ app/models/user.rb:52
  [1m[35m (0.7ms)[0m  [1m[35mCOMMIT[0m
  ↳ app/models/user.rb:52
Completed 500 Internal Server Error in 21ms (ActiveRecord: 4.8ms)



ActionView::MissingTemplate - Missing template api/sessions/show, application/show with {:locale=>[:en], :formats=>[:json], :variants=>[], :handlers=>[:raw, :erb, :html, :builder, :ruby, :coffee, :jbuilder]}. Searched in:
  * "/Users/robertbalistreri/Desktop/APP_ACADEMY/Final_projects/Wanderlust/app/views":
  app/controllers/api/sessions_controller.rb:18:in `destroy'

Started GET "/" for ::1 at 2021-05-10 15:31:27 -0400
Processing by StaticPagesController#root as HTML
  Rendering static_pages/root.html.erb within layouts/application
  Rendered static_pages/root.html.erb within layouts/application (0.3ms)
Completed 200 OK in 39ms (Views: 36.7ms | ActiveRecord: 0.0ms)


Started POST "/api/session" for ::1 at 2021-05-10 15:32:04 -0400
Processing by Api::SessionsController#create as JSON
  Parameters: {"user"=>{"email"=>"test2@gmail.com", "password"=>"[FILTERED]"}}
  [1m[36mUser Load (0.6ms)[0m  [1m[34mSELECT  "users".* FROM "users" WHERE "users"."email" = $1 LIMIT $2[0m  [["email", "test2@gmail.com"], ["LIMIT", 1]]
  ↳ app/models/user.rb:29
  [1m[35m (1.2ms)[0m  [1m[35mBEGIN[0m
  ↳ app/models/user.rb:52
  [1m[36mUser Exists (1.8ms)[0m  [1m[34mSELECT  1 AS one FROM "users" WHERE "users"."email" = $1 AND "users"."id" != $2 LIMIT $3[0m  [["email", "test2@gmail.com"], ["id", 4], ["LIMIT", 1]]
  ↳ app/models/user.rb:52
  [1m[36mUser Update (1.1ms)[0m  [1m[33mUPDATE "users" SET "session_token" = $1, "updated_at" = $2 WHERE "users"."id" = $3[0m  [["session_token", "ZIdfur6MQTICv_JGTytvmQ"], ["updated_at", "2021-05-10 19:32:05.046386"], ["id", 4]]
  ↳ app/models/user.rb:52
  [1m[35m (0.7ms)[0m  [1m[35mCOMMIT[0m
  ↳ app/models/user.rb:52
  Rendering api/users/show.json.jbuilder
  Rendered api/users/_user.json.jbuilder (0.2ms)
  Rendered api/users/show.json.jbuilder (3.0ms)
Completed 200 OK in 336ms (Views: 8.9ms | ActiveRecord: 24.5ms)


Started DELETE "/api/session" for ::1 at 2021-05-10 15:32:08 -0400
Processing by Api::SessionsController#destroy as JSON
  [1m[36mUser Load (1.1ms)[0m  [1m[34mSELECT  "users".* FROM "users" WHERE "users"."session_token" = $1 LIMIT $2[0m  [["session_token", "ZIdfur6MQTICv_JGTytvmQ"], ["LIMIT", 1]]
  ↳ app/controllers/application_controller.rb:7
  [1m[35m (0.9ms)[0m  [1m[35mBEGIN[0m
  ↳ app/models/user.rb:52
  [1m[36mUser Exists (0.7ms)[0m  [1m[34mSELECT  1 AS one FROM "users" WHERE "users"."email" = $1 AND "users"."id" != $2 LIMIT $3[0m  [["email", "test2@gmail.com"], ["id", 4], ["LIMIT", 1]]
  ↳ app/models/user.rb:52
  [1m[36mUser Update (0.9ms)[0m  [1m[33mUPDATE "users" SET "session_token" = $1, "updated_at" = $2 WHERE "users"."id" = $3[0m  [["session_token", "1rmp59UJjzQi03PsOQt2yA"], ["updated_at", "2021-05-10 19:32:08.565236"], ["id", 4]]
  ↳ app/models/user.rb:52
  [1m[35m (0.8ms)[0m  [1m[35mCOMMIT[0m
  ↳ app/models/user.rb:52
  Rendering api/users/show.json.jbuilder
  Rendered api/users/_user.json.jbuilder (0.2ms)
  Rendered api/users/show.json.jbuilder (2.2ms)
Completed 200 OK in 20ms (Views: 7.5ms | ActiveRecord: 4.4ms)


Started GET "/" for ::1 at 2021-05-10 15:43:33 -0400
Processing by StaticPagesController#root as HTML
  Rendering static_pages/root.html.erb within layouts/application
  Rendered static_pages/root.html.erb within layouts/application (0.4ms)
Completed 200 OK in 61ms (Views: 59.2ms | ActiveRecord: 0.0ms)


Started GET "/" for ::1 at 2021-05-10 15:44:05 -0400
Processing by StaticPagesController#root as HTML
  Rendering static_pages/root.html.erb within layouts/application
  Rendered static_pages/root.html.erb within layouts/application (0.3ms)
Completed 200 OK in 32ms (Views: 30.4ms | ActiveRecord: 0.0ms)


Started GET "/" for ::1 at 2021-05-10 15:44:38 -0400
Processing by StaticPagesController#root as HTML
  Rendering static_pages/root.html.erb within layouts/application
  Rendered static_pages/root.html.erb within layouts/application (0.3ms)
Completed 200 OK in 348ms (Views: 346.2ms | ActiveRecord: 0.0ms)


Started GET "/" for ::1 at 2021-05-10 15:45:08 -0400
Processing by StaticPagesController#root as HTML
  Rendering static_pages/root.html.erb within layouts/application
  Rendered static_pages/root.html.erb within layouts/application (0.3ms)
Completed 200 OK in 282ms (Views: 279.3ms | ActiveRecord: 0.0ms)


Started GET "/" for ::1 at 2021-05-10 15:46:19 -0400
Processing by StaticPagesController#root as HTML
  Rendering static_pages/root.html.erb within layouts/application
  Rendered static_pages/root.html.erb within layouts/application (0.3ms)
Completed 200 OK in 50ms (Views: 48.2ms | ActiveRecord: 0.0ms)


Started GET "/" for ::1 at 2021-05-10 15:46:37 -0400
Processing by StaticPagesController#root as HTML
  Rendering static_pages/root.html.erb within layouts/application
  Rendered static_pages/root.html.erb within layouts/application (0.5ms)
Completed 200 OK in 39ms (Views: 36.7ms | ActiveRecord: 0.0ms)


Started GET "/" for ::1 at 2021-05-10 15:47:45 -0400
Processing by StaticPagesController#root as HTML
  Rendering static_pages/root.html.erb within layouts/application
  Rendered static_pages/root.html.erb within layouts/application (0.3ms)
Completed 200 OK in 297ms (Views: 295.2ms | ActiveRecord: 0.0ms)


Started GET "/" for ::1 at 2021-05-10 15:48:11 -0400
Processing by StaticPagesController#root as HTML
  Rendering static_pages/root.html.erb within layouts/application
  Rendered static_pages/root.html.erb within layouts/application (0.3ms)
Completed 200 OK in 324ms (Views: 322.1ms | ActiveRecord: 0.0ms)


Started GET "/" for ::1 at 2021-05-10 15:48:25 -0400
Processing by StaticPagesController#root as HTML
  Rendering static_pages/root.html.erb within layouts/application
  Rendered static_pages/root.html.erb within layouts/application (0.5ms)
Completed 200 OK in 289ms (Views: 286.4ms | ActiveRecord: 0.0ms)


Started GET "/" for ::1 at 2021-05-10 15:53:23 -0400
Processing by StaticPagesController#root as HTML
  Rendering static_pages/root.html.erb within layouts/application
  Rendered static_pages/root.html.erb within layouts/application (0.3ms)
Completed 200 OK in 45ms (Views: 39.0ms | ActiveRecord: 0.0ms)


Started POST "/api/session" for ::1 at 2021-05-10 15:53:41 -0400
Processing by Api::SessionsController#create as JSON
  Parameters: {"user"=>{"email"=>"test2@gmail.com", "password"=>"[FILTERED]"}}
  [1m[36mUser Load (3.6ms)[0m  [1m[34mSELECT  "users".* FROM "users" WHERE "users"."email" = $1 LIMIT $2[0m  [["email", "test2@gmail.com"], ["LIMIT", 1]]
  ↳ app/models/user.rb:29
  [1m[35m (4.6ms)[0m  [1m[35mBEGIN[0m
  ↳ app/models/user.rb:52
  [1m[36mUser Exists (1.5ms)[0m  [1m[34mSELECT  1 AS one FROM "users" WHERE "users"."email" = $1 AND "users"."id" != $2 LIMIT $3[0m  [["email", "test2@gmail.com"], ["id", 4], ["LIMIT", 1]]
  ↳ app/models/user.rb:52
  [1m[36mUser Update (1.9ms)[0m  [1m[33mUPDATE "users" SET "session_token" = $1, "updated_at" = $2 WHERE "users"."id" = $3[0m  [["session_token", "r-wX8VoDcu2YRmBAygdZbQ"], ["updated_at", "2021-05-10 19:53:42.134764"], ["id", 4]]
  ↳ app/models/user.rb:52
  [1m[35m (1.7ms)[0m  [1m[35mCOMMIT[0m
  ↳ app/models/user.rb:52
  Rendering api/users/show.json.jbuilder
  Rendered api/users/_user.json.jbuilder (0.2ms)
  Rendered api/users/show.json.jbuilder (2.6ms)
Completed 200 OK in 365ms (Views: 8.3ms | ActiveRecord: 51.3ms)


Started GET "/" for ::1 at 2021-05-10 16:03:00 -0400
  [1m[35m (5.7ms)[0m  [1m[34mSELECT "schema_migrations"."version" FROM "schema_migrations" ORDER BY "schema_migrations"."version" ASC[0m
  ↳ /Users/robertbalistreri/.rbenv/versions/2.5.1/lib/ruby/gems/2.5.0/gems/activerecord-5.2.6/lib/active_record/log_subscriber.rb:98
Processing by StaticPagesController#root as HTML
  Rendering static_pages/root.html.erb within layouts/application
  Rendered static_pages/root.html.erb within layouts/application (1.7ms)
Completed 200 OK in 2230ms (Views: 2224.8ms | ActiveRecord: 0.0ms)


Started POST "/api/session" for ::1 at 2021-05-10 16:03:07 -0400
Processing by Api::SessionsController#create as JSON
  Parameters: {"user"=>{"email"=>"test2@gmail.com", "password"=>"[FILTERED]"}}
  [1m[36mUser Load (1.7ms)[0m  [1m[34mSELECT  "users".* FROM "users" WHERE "users"."email" = $1 LIMIT $2[0m  [["email", "test2@gmail.com"], ["LIMIT", 1]]
  ↳ app/models/user.rb:29
  [1m[35m (1.5ms)[0m  [1m[35mBEGIN[0m
  ↳ app/models/user.rb:52
  [1m[36mUser Exists (1.3ms)[0m  [1m[34mSELECT  1 AS one FROM "users" WHERE "users"."email" = $1 AND "users"."id" != $2 LIMIT $3[0m  [["email", "test2@gmail.com"], ["id", 4], ["LIMIT", 1]]
  ↳ app/models/user.rb:52
  [1m[36mUser Update (0.9ms)[0m  [1m[33mUPDATE "users" SET "session_token" = $1, "updated_at" = $2 WHERE "users"."id" = $3[0m  [["session_token", "TQyxg3O3tmJl4QSqDH2-Fg"], ["updated_at", "2021-05-10 20:03:07.801906"], ["id", 4]]
  ↳ app/models/user.rb:52
  [1m[35m (1.4ms)[0m  [1m[35mCOMMIT[0m
  ↳ app/models/user.rb:52
  Rendering api/users/show.json.jbuilder
  Rendered api/users/_user.json.jbuilder (0.3ms)
  Rendered api/users/show.json.jbuilder (3.4ms)
Completed 200 OK in 326ms (Views: 9.8ms | ActiveRecord: 21.8ms)


Started GET "/" for ::1 at 2021-05-10 16:09:10 -0400
  [1m[35m (3.3ms)[0m  [1m[34mSELECT "schema_migrations"."version" FROM "schema_migrations" ORDER BY "schema_migrations"."version" ASC[0m
  ↳ /Users/robertbalistreri/.rbenv/versions/2.5.1/lib/ruby/gems/2.5.0/gems/activerecord-5.2.6/lib/active_record/log_subscriber.rb:98
Processing by StaticPagesController#root as HTML
  Rendering static_pages/root.html.erb within layouts/application
  Rendered static_pages/root.html.erb within layouts/application (2.5ms)
Completed 200 OK in 2258ms (Views: 2252.7ms | ActiveRecord: 0.0ms)


Started POST "/api/session" for ::1 at 2021-05-10 16:09:19 -0400
Processing by Api::SessionsController#create as JSON
  Parameters: {"user"=>{"email"=>"test2@gmail.com", "password"=>"[FILTERED]"}}
  [1m[36mUser Load (4.0ms)[0m  [1m[34mSELECT  "users".* FROM "users" WHERE "users"."email" = $1 LIMIT $2[0m  [["email", "test2@gmail.com"], ["LIMIT", 1]]
  ↳ app/models/user.rb:29
  [1m[35m (1.1ms)[0m  [1m[35mBEGIN[0m
  ↳ app/models/user.rb:52
  [1m[36mUser Exists (1.2ms)[0m  [1m[34mSELECT  1 AS one FROM "users" WHERE "users"."email" = $1 AND "users"."id" != $2 LIMIT $3[0m  [["email", "test2@gmail.com"], ["id", 4], ["LIMIT", 1]]
  ↳ app/models/user.rb:52
  [1m[36mUser Update (1.0ms)[0m  [1m[33mUPDATE "users" SET "session_token" = $1, "updated_at" = $2 WHERE "users"."id" = $3[0m  [["session_token", "tdLS4GxwSuMuu9c20Do5oQ"], ["updated_at", "2021-05-10 20:09:19.979368"], ["id", 4]]
  ↳ app/models/user.rb:52
  [1m[35m (0.7ms)[0m  [1m[35mCOMMIT[0m
  ↳ app/models/user.rb:52
  Rendering api/users/show.json.jbuilder
  Rendered api/users/_user.json.jbuilder (0.3ms)
  Rendered api/users/show.json.jbuilder (6.1ms)
Completed 200 OK in 351ms (Views: 11.5ms | ActiveRecord: 29.6ms)


Started DELETE "/api/session" for ::1 at 2021-05-10 16:09:28 -0400
Processing by Api::SessionsController#destroy as JSON
  [1m[36mUser Load (0.6ms)[0m  [1m[34mSELECT  "users".* FROM "users" WHERE "users"."session_token" = $1 LIMIT $2[0m  [["session_token", "tdLS4GxwSuMuu9c20Do5oQ"], ["LIMIT", 1]]
  ↳ app/controllers/application_controller.rb:7
  [1m[35m (0.6ms)[0m  [1m[35mBEGIN[0m
  ↳ app/models/user.rb:52
  [1m[36mUser Exists (1.0ms)[0m  [1m[34mSELECT  1 AS one FROM "users" WHERE "users"."email" = $1 AND "users"."id" != $2 LIMIT $3[0m  [["email", "test2@gmail.com"], ["id", 4], ["LIMIT", 1]]
  ↳ app/models/user.rb:52
  [1m[36mUser Update (1.2ms)[0m  [1m[33mUPDATE "users" SET "session_token" = $1, "updated_at" = $2 WHERE "users"."id" = $3[0m  [["session_token", "Aod713BpugAO6DkkLC-lqA"], ["updated_at", "2021-05-10 20:09:28.393757"], ["id", 4]]
  ↳ app/models/user.rb:52
  [1m[35m (1.3ms)[0m  [1m[35mCOMMIT[0m
  ↳ app/models/user.rb:52
  Rendering api/users/show.json.jbuilder
  Rendered api/users/_user.json.jbuilder (0.3ms)
  Rendered api/users/show.json.jbuilder (1.6ms)
Completed 200 OK in 18ms (Views: 6.7ms | ActiveRecord: 4.7ms)


Started POST "/api/user" for ::1 at 2021-05-10 16:10:37 -0400
Processing by Api::UsersController#create as JSON
  Parameters: {"user"=>{"email"=>"test2@gmail.com", "password"=>"[FILTERED]", "phoneNumber"=>"123456789"}}
Unpermitted parameter: :phoneNumber
  [1m[35m (2.6ms)[0m  [1m[35mBEGIN[0m
  ↳ app/controllers/api/users_controller.rb:14
  [1m[36mUser Exists (0.8ms)[0m  [1m[34mSELECT  1 AS one FROM "users" WHERE "users"."email" = $1 LIMIT $2[0m  [["email", "test2@gmail.com"], ["LIMIT", 1]]
  ↳ app/controllers/api/users_controller.rb:14
  [1m[35m (0.3ms)[0m  [1m[31mROLLBACK[0m
  ↳ app/controllers/api/users_controller.rb:14
Completed 422 Unprocessable Entity in 14480ms (Views: 0.1ms | ActiveRecord: 3.7ms)


Started POST "/api/user" for ::1 at 2021-05-10 16:11:10 -0400
Processing by Api::UsersController#create as JSON
  Parameters: {"user"=>{"email"=>"test2@gmail.com", "password"=>"[FILTERED]", "phoneNumber"=>"123456789"}}
Completed 500 Internal Server Error in 29309ms (ActiveRecord: 0.0ms)



SystemExit - exit:
  (byebug):1:in `create'
  app/controllers/api/users_controller.rb:11:in `create'

Started GET "/" for ::1 at 2021-05-10 16:12:16 -0400
  [1m[35m (1.9ms)[0m  [1m[34mSELECT "schema_migrations"."version" FROM "schema_migrations" ORDER BY "schema_migrations"."version" ASC[0m
  ↳ /Users/robertbalistreri/.rbenv/versions/2.5.1/lib/ruby/gems/2.5.0/gems/activerecord-5.2.6/lib/active_record/log_subscriber.rb:98
Processing by StaticPagesController#root as HTML
  Rendering static_pages/root.html.erb within layouts/application
  Rendered static_pages/root.html.erb within layouts/application (1.6ms)
Completed 200 OK in 2184ms (Views: 2176.9ms | ActiveRecord: 0.0ms)


Started POST "/api/user" for ::1 at 2021-05-10 16:17:24 -0400
Processing by Api::UsersController#create as JSON
  Parameters: {"user"=>{"email"=>"swissTeam", "password"=>"[FILTERED]", "phoneNumber"=>"1230941"}}
Unpermitted parameter: :phoneNumber
  [1m[35m (1.1ms)[0m  [1m[35mBEGIN[0m
  ↳ app/controllers/api/users_controller.rb:14
  [1m[36mUser Exists (2.7ms)[0m  [1m[34mSELECT  1 AS one FROM "users" WHERE "users"."email" = $1 LIMIT $2[0m  [["email", "swissTeam"], ["LIMIT", 1]]
  ↳ app/controllers/api/users_controller.rb:14
  [1m[35m (0.4ms)[0m  [1m[31mROLLBACK[0m
  ↳ app/controllers/api/users_controller.rb:14
Completed 422 Unprocessable Entity in 47831ms (Views: 0.2ms | ActiveRecord: 20.7ms)


Started POST "/api/user" for ::1 at 2021-05-10 16:20:51 -0400
Error occurred while parsing request parameters.
Contents:

user%5Bemail%5D=swissTeam&user%5Bpassword%5D=swissTeam&user%5BphoneNumber%5D=1230941

ActionDispatch::Http::Parameters::ParseError - 765: unexpected token at 'user%5Bemail%5D=swissTeam&user%5Bpassword%5D=swissTeam&user%5BphoneNumber%5D=1230941':

Started GET "/" for ::1 at 2021-05-10 16:27:24 -0400
Processing by StaticPagesController#root as HTML
  Rendering static_pages/root.html.erb within layouts/application
  Rendered static_pages/root.html.erb within layouts/application (0.4ms)
Completed 200 OK in 38ms (Views: 35.2ms | ActiveRecord: 0.0ms)


Started POST "/api/user" for ::1 at 2021-05-10 16:27:30 -0400
Processing by Api::UsersController#create as JSON
  Parameters: {"user"=>{"email"=>"swissTeam", "password"=>"[FILTERED]", "phoneNumber"=>"1230941"}}
Unpermitted parameter: :phoneNumber
  [1m[35m (1.5ms)[0m  [1m[35mBEGIN[0m
  ↳ app/controllers/api/users_controller.rb:14
  [1m[36mUser Exists (3.4ms)[0m  [1m[34mSELECT  1 AS one FROM "users" WHERE "users"."email" = $1 LIMIT $2[0m  [["email", "swissTeam"], ["LIMIT", 1]]
  ↳ app/controllers/api/users_controller.rb:14
  [1m[35m (0.3ms)[0m  [1m[31mROLLBACK[0m
  ↳ app/controllers/api/users_controller.rb:14
Completed 422 Unprocessable Entity in 16396ms (Views: 0.1ms | ActiveRecord: 5.2ms)


Started GET "/" for ::1 at 2021-05-10 16:28:59 -0400
  [1m[35m (1.5ms)[0m  [1m[34mSELECT "schema_migrations"."version" FROM "schema_migrations" ORDER BY "schema_migrations"."version" ASC[0m
  ↳ /Users/robertbalistreri/.rbenv/versions/2.5.1/lib/ruby/gems/2.5.0/gems/activerecord-5.2.6/lib/active_record/log_subscriber.rb:98
Processing by StaticPagesController#root as HTML
  Rendering static_pages/root.html.erb within layouts/application
  Rendered static_pages/root.html.erb within layouts/application (0.9ms)
Completed 200 OK in 2243ms (Views: 2237.0ms | ActiveRecord: 0.0ms)


Started POST "/api/user" for ::1 at 2021-05-10 16:29:03 -0400
Processing by Api::UsersController#create as JSON
  Parameters: {"user"=>{"email"=>"swissTeam", "password"=>"[FILTERED]", "phoneNumber"=>"1230941"}}
Unpermitted parameter: :phoneNumber
  [1m[35m (8.7ms)[0m  [1m[35mBEGIN[0m
  ↳ app/controllers/api/users_controller.rb:14
  [1m[36mUser Exists (6.3ms)[0m  [1m[34mSELECT  1 AS one FROM "users" WHERE "users"."email" = $1 LIMIT $2[0m  [["email", "swissTeam"], ["LIMIT", 1]]
  ↳ app/controllers/api/users_controller.rb:14
  [1m[35m (0.7ms)[0m  [1m[31mROLLBACK[0m
  ↳ app/controllers/api/users_controller.rb:14
Completed 422 Unprocessable Entity in 6781ms (Views: 0.2ms | ActiveRecord: 29.6ms)


Started POST "/api/user" for ::1 at 2021-05-10 16:29:18 -0400
Error occurred while parsing request parameters.
Contents:

user%5Bemail%5D=swissTeam&user%5Bpassword%5D=swissTeam&user%5BphoneNumber%5D=1230941

ActionDispatch::Http::Parameters::ParseError - 765: unexpected token at 'user%5Bemail%5D=swissTeam&user%5Bpassword%5D=swissTeam&user%5BphoneNumber%5D=1230941':

Started GET "/" for ::1 at 2021-05-10 16:32:54 -0400
Processing by StaticPagesController#root as HTML
  Rendering static_pages/root.html.erb within layouts/application
  Rendered static_pages/root.html.erb within layouts/application (1.5ms)
Completed 200 OK in 348ms (Views: 345.6ms | ActiveRecord: 0.0ms)


Started POST "/api/user" for ::1 at 2021-05-10 16:33:02 -0400
Processing by Api::UsersController#create as JSON
  Parameters: {"user"=>{"email"=>"swissTeam", "password"=>"[FILTERED]", "phoneNumber"=>"1230941"}}
Unpermitted parameter: :phoneNumber
  [1m[35m (1.1ms)[0m  [1m[35mBEGIN[0m
  ↳ app/controllers/api/users_controller.rb:14
  [1m[36mUser Exists (4.7ms)[0m  [1m[34mSELECT  1 AS one FROM "users" WHERE "users"."email" = $1 LIMIT $2[0m  [["email", "swissTeam"], ["LIMIT", 1]]
  ↳ app/controllers/api/users_controller.rb:14
  [1m[35m (5.7ms)[0m  [1m[31mROLLBACK[0m
  ↳ app/controllers/api/users_controller.rb:14
Completed 422 Unprocessable Entity in 14873ms (Views: 0.1ms | ActiveRecord: 11.5ms)


Started GET "/" for ::1 at 2021-05-10 16:35:55 -0400
Processing by StaticPagesController#root as HTML
  Rendering static_pages/root.html.erb within layouts/application
  Rendered static_pages/root.html.erb within layouts/application (0.3ms)
Completed 200 OK in 275ms (Views: 272.7ms | ActiveRecord: 0.0ms)


Started POST "/api/user" for ::1 at 2021-05-10 16:36:03 -0400
Processing by Api::UsersController#create as JSON
  Parameters: {"user"=>{"email"=>"swissTeam", "password"=>"[FILTERED]", "phoneNumber"=>"1230941"}}
Unpermitted parameter: :phoneNumber
  [1m[35m (0.7ms)[0m  [1m[35mBEGIN[0m
  ↳ app/controllers/api/users_controller.rb:14
  [1m[36mUser Exists (1.5ms)[0m  [1m[34mSELECT  1 AS one FROM "users" WHERE "users"."email" = $1 LIMIT $2[0m  [["email", "swissTeam"], ["LIMIT", 1]]
  ↳ app/controllers/api/users_controller.rb:14
  [1m[35m (0.6ms)[0m  [1m[31mROLLBACK[0m
  ↳ app/controllers/api/users_controller.rb:14
Completed 422 Unprocessable Entity in 317ms (Views: 0.1ms | ActiveRecord: 23.0ms)


Started POST "/api/user" for ::1 at 2021-05-10 16:36:59 -0400
Processing by Api::UsersController#create as JSON
  Parameters: {"user"=>{"email"=>"test2@gmail.com", "password"=>"[FILTERED]", "phoneNumber"=>"123456789"}}
Unpermitted parameter: :phoneNumber
  [1m[35m (1.3ms)[0m  [1m[35mBEGIN[0m
  ↳ app/controllers/api/users_controller.rb:14
  [1m[36mUser Exists (1.4ms)[0m  [1m[34mSELECT  1 AS one FROM "users" WHERE "users"."email" = $1 LIMIT $2[0m  [["email", "test2@gmail.com"], ["LIMIT", 1]]
  ↳ app/controllers/api/users_controller.rb:14
  [1m[35m (1.3ms)[0m  [1m[31mROLLBACK[0m
  ↳ app/controllers/api/users_controller.rb:14
Completed 422 Unprocessable Entity in 283ms (Views: 0.1ms | ActiveRecord: 4.0ms)


